<?xml version="1.0" encoding="UTF-8"?>
<!-- Generated by org.testng.reporters.JUnitReportReporter -->
<testsuite hostname="LAPTOP-965NCTD2" failures="0" tests="2" name="runners.smoketest" time="0.127" errors="0" timestamp="26 Oct 2023 02:11:24 GMT" skipped="0">
  <testcase classname="runners.smoketest" name="runScenario" time="0.120"/>
  <testcase classname="runners.smoketest" name="runScenario" time="0.007"/>
</testsuite> <!-- runners.smoketest -->
